<?xml version="1.0" encoding="UTF-8"?>
<!-- Generated by org.testng.reporters.JUnitReportReporter -->
<testsuite hostname="DESKTOP-HTHUA0V" failures="0" tests="1" name="com.bookonelocal.tests.bookingManagement.LoginToBookOneLocal" time="12.867" errors="0" timestamp="2022-11-08T20:26:27 IST" skipped="0">
  <testcase classname="com.bookonelocal.tests.bookingManagement.LoginToBookOneLocal" name="loginToBookOneLocal" time="12.867"/>
  <system-out/>
</testsuite> <!-- com.bookonelocal.tests.bookingManagement.LoginToBookOneLocal -->
