<?xml version="1.0" encoding="UTF-8"?>
<!-- Generated by org.testng.reporters.JUnitReportReporter -->
<testsuite hostname="DESKTOP-HTHUA0V" failures="0" tests="2" name="com.bookonelocal.tests.bookingManagement.Click_On_The_NewBookingButton" time="60.593" errors="0" timestamp="2022-11-08T20:31:40 IST" skipped="1">
  <testcase classname="com.bookonelocal.tests.bookingManagement.Click_On_The_NewBookingButton" name="clickOnTheNewBookingButton" time="18.801"/>
  <system-out/>
  <testcase classname="com.bookonelocal.tests.bookingManagement.Click_On_The_NewBookingButton" name="clickOnTheNewBookingButton" time="41.792">
    <skipped/>
  </testcase> <!-- clickOnTheNewBookingButton -->
  <system-out/>
</testsuite> <!-- com.bookonelocal.tests.bookingManagement.Click_On_The_NewBookingButton -->
