<?xml version="1.0" encoding="UTF-8"?>
<!-- Generated by org.testng.reporters.JUnitReportReporter -->
<testsuite hostname="DESKTOP-HTHUA0V" failures="0" tests="1" name="com.bookonelocal.tests.bookingManagement.ClickOnTheBook_A_Room_Button_UnderBookingManagementPage" time="22.816" errors="0" timestamp="2022-11-07T20:29:49 IST" skipped="0">
  <testcase classname="com.bookonelocal.tests.bookingManagement.ClickOnTheBook_A_Room_Button_UnderBookingManagementPage" name="clickOnTheBook_A_Room_Button_UnderBookingManagementPage" time="22.816"/>
  <system-out/>
</testsuite> <!-- com.bookonelocal.tests.bookingManagement.ClickOnTheBook_A_Room_Button_UnderBookingManagementPage -->
