<?xml version="1.0" encoding="UTF-8"?>
<!-- Generated by org.testng.reporters.JUnitReportReporter -->
<testsuite hostname="DESKTOP-HTHUA0V" failures="0" tests="4" name="com.bookonelocal.tests.bookingManagement.ClickOnTheHeaderButtonsOfBookingManagementPage" time="87.539" errors="0" timestamp="2022-11-08T20:29:50 IST" skipped="0">
  <testcase classname="com.bookonelocal.tests.bookingManagement.ClickOnTheHeaderButtonsOfBookingManagementPage" name="clickOnThe_RoomEnquiry_Button_UnderBookingManagementPage" time="22.916"/>
  <system-out/>
  <testcase classname="com.bookonelocal.tests.bookingManagement.ClickOnTheHeaderButtonsOfBookingManagementPage" name="clickOnThe_BookMultipleRoom_Button_UnderBookingManagementPage" time="21.323"/>
  <system-out/>
  <testcase classname="com.bookonelocal.tests.bookingManagement.ClickOnTheHeaderButtonsOfBookingManagementPage" name="clickOnTheBook_A_Room_Button_UnderBookingManagementPage" time="21.480"/>
  <system-out/>
  <testcase classname="com.bookonelocal.tests.bookingManagement.ClickOnTheHeaderButtonsOfBookingManagementPage" name="clickOnTheBookPropertyButton_UnderBookingManagementPage" time="21.820"/>
  <system-out/>
</testsuite> <!-- com.bookonelocal.tests.bookingManagement.ClickOnTheHeaderButtonsOfBookingManagementPage -->
