<?xml version="1.0" encoding="UTF-8"?>
<!-- Generated by org.testng.reporters.JUnitReportReporter -->
<testsuite hostname="DESKTOP-HTHUA0V" failures="0" tests="1" name="com.bookonelocal.tests.bookingManagement.Create_A_Booking" time="38.931" errors="0" timestamp="2022-11-11T15:29:51 IST" skipped="0">
  <testcase classname="com.bookonelocal.tests.bookingManagement.Create_A_Booking" name="createSimpleBooking" time="38.931"/>
  <system-out/>
</testsuite> <!-- com.bookonelocal.tests.bookingManagement.Create_A_Booking -->
