<?xml version="1.0" encoding="UTF-8"?>
<!-- Generated by org.testng.reporters.JUnitReportReporter -->
<testsuite hostname="DESKTOP-HTHUA0V" failures="0" tests="1" name="com.bookonelocal.tests.bookingManagement.ClickOnTheBookingManagementModule" time="20.680" errors="0" timestamp="2022-11-08T20:30:25 IST" skipped="0">
  <testcase classname="com.bookonelocal.tests.bookingManagement.ClickOnTheBookingManagementModule" name="clickOnTheBookingManagementModule" time="20.680"/>
  <system-out/>
</testsuite> <!-- com.bookonelocal.tests.bookingManagement.ClickOnTheBookingManagementModule -->
