<?xml version="1.0" encoding="UTF-8"?>
<!-- Generated by org.testng.reporters.JUnitReportReporter -->
<testsuite hostname="DESKTOP-HTHUA0V" failures="0" tests="1" name="com.bookonelocal.tests.bookingManagement.LoginToBookOneLocal" time="24.295" errors="0" timestamp="2022-11-11T10:07:47 IST" skipped="0">
  <testcase classname="com.bookonelocal.tests.bookingManagement.LoginToBookOneLocal" name="loginToBookOneLocal" time="24.295"/>
  <system-out/>
</testsuite> <!-- com.bookonelocal.tests.bookingManagement.LoginToBookOneLocal -->
