<?xml version="1.0" encoding="UTF-8"?>
<!-- Generated by org.testng.reporters.JUnitReportReporter -->
<testsuite hostname="DESKTOP-HTHUA0V" failures="0" tests="2" name="com.bookonelocal.tests.bookingManagement.Click_On_The_NewBookingButton" time="55.586" errors="0" timestamp="2022-11-11T10:07:50 IST" skipped="1">
  <testcase classname="com.bookonelocal.tests.bookingManagement.Click_On_The_NewBookingButton" name="clickOnTheNewBookingButton" time="27.945"/>
  <system-out/>
  <testcase classname="com.bookonelocal.tests.bookingManagement.Click_On_The_NewBookingButton" name="clickOnTheNewBookingButton" time="27.641">
    <skipped/>
  </testcase> <!-- clickOnTheNewBookingButton -->
  <system-out/>
</testsuite> <!-- com.bookonelocal.tests.bookingManagement.Click_On_The_NewBookingButton -->
