<?xml version="1.0" encoding="UTF-8"?>
<!-- Generated by org.testng.reporters.JUnitReportReporter -->
<testsuite hostname="DESKTOP-HTHUA0V" failures="0" tests="4" name="com.bookonelocal.tests.bookingManagement.ClickOnTheHeaderButtonsOfBookingManagementPage" time="125.877" errors="0" timestamp="2022-11-11T10:07:48 IST" skipped="0">
  <testcase classname="com.bookonelocal.tests.bookingManagement.ClickOnTheHeaderButtonsOfBookingManagementPage" name="clickOnTheBook_A_Room_Button_UnderBookingManagementPage" time="28.616"/>
  <system-out/>
  <testcase classname="com.bookonelocal.tests.bookingManagement.ClickOnTheHeaderButtonsOfBookingManagementPage" name="clickOnThe_BookMultipleRoom_Button_UnderBookingManagementPage" time="31.885"/>
  <system-out/>
  <testcase classname="com.bookonelocal.tests.bookingManagement.ClickOnTheHeaderButtonsOfBookingManagementPage" name="clickOnThe_RoomEnquiry_Button_UnderBookingManagementPage" time="33.512"/>
  <system-out/>
  <testcase classname="com.bookonelocal.tests.bookingManagement.ClickOnTheHeaderButtonsOfBookingManagementPage" name="clickOnTheBookPropertyButton_UnderBookingManagementPage" time="31.864"/>
  <system-out/>
</testsuite> <!-- com.bookonelocal.tests.bookingManagement.ClickOnTheHeaderButtonsOfBookingManagementPage -->
